#
# A fatal error has been detected by the Java Runtime Environment:
#
#  Internal Error (javaClasses.cpp:126), pid=36720, tid=36456
#  fatal error: Invalid layout of preloaded class
#
# JRE version:  (8.0_31-b13) (build )
# Java VM: Java HotSpot(TM) 64-Bit Server VM (25.31-b07 mixed mode windows-amd64 compressed oops)
# Failed to write core dump. Minidumps are not enabled by default on client versions of Windows
#
# If you would like to submit a bug report, please visit:
#   http://bugreport.java.com/bugreport/crash.jsp
#

---------------  T H R E A D  ---------------

Current thread (0x00000000025ff800):  JavaThread "Unknown thread" [_thread_in_vm, id=36456, stack(0x00000000029a0000,0x0000000002aa0000)]

Stack: [0x00000000029a0000,0x0000000002aa0000]
[error occurred during error reporting (printing stack bounds), id 0xc0000005]

Native frames: (J=compiled Java code, j=interpreted, Vv=VM code, C=native code)
V  [jvm.dll+0x3169ba]
V  [jvm.dll+0x2674c3]
V  [jvm.dll+0x268103]
V  [jvm.dll+0x2885c4]
C  [kernel32.dll+0x9b940]
C  [ntdll.dll+0x93398]
C  [ntdll.dll+0x185c8]
C  [ntdll.dll+0x29d2d]
C  [ntdll.dll+0x191cf]
C  [ntdll.dll+0x51248]
V  [jvm.dll+0x206c01]


---------------  P R O C E S S  ---------------

Java Threads: ( => current thread )

Other Threads:

=>0x00000000025ff800 (exited) JavaThread "Unknown thread" [_thread_in_vm, id=36456, stack(0x00000000029a0000,0x0000000002aa0000)]

VM state:not at safepoint (not fully initialized)

VM Mutex/Monitor currently owned by a thread: None

GC Heap History (0 events):
No events

Deoptimization events (0 events):
No events

Internal exceptions (0 events):
No events

Events (10 events):
Event: 0.029 loading class java/lang/CharSequence done
Event: 0.029 loading class java/lang/String done
Event: 0.029 loading class java/lang/Class
Event: 0.029 loading class java/lang/reflect/AnnotatedElement
Event: 0.029 loading class java/lang/reflect/AnnotatedElement done
Event: 0.029 loading class java/lang/reflect/GenericDeclaration
Event: 0.029 loading class java/lang/reflect/GenericDeclaration done
Event: 0.029 loading class java/lang/reflect/Type
Event: 0.029 loading class java/lang/reflect/Type done
Event: 0.030 loading class java/lang/Class done


Dynamic libraries:
0x000000013f510000 - 0x000000013f544000 	C:\Program Files\Java\jre1.8.0_31\bin\javaw.exe
0x0000000077680000 - 0x0000000077829000 	C:\Windows\SYSTEM32\ntdll.dll
0x0000000077560000 - 0x000000007767f000 	C:\Windows\system32\kernel32.dll
0x000007fefc610000 - 0x000007fefc67c000 	C:\Windows\system32\KERNELBASE.dll
0x000007fefcd40000 - 0x000007fefce1b000 	C:\Windows\system32\ADVAPI32.dll
0x000007fefcf10000 - 0x000007fefcfaf000 	C:\Windows\system32\msvcrt.dll
0x000007fefd6b0000 - 0x000007fefd6cf000 	C:\Windows\SYSTEM32\sechost.dll
0x000007fefd6d0000 - 0x000007fefd7fd000 	C:\Windows\system32\RPCRT4.dll
0x0000000077460000 - 0x000000007755a000 	C:\Windows\system32\USER32.dll
0x000007fefe7a0000 - 0x000007fefe807000 	C:\Windows\system32\GDI32.dll
0x000007fefd0c0000 - 0x000007fefd0ce000 	C:\Windows\system32\LPK.dll
0x000007fefcc70000 - 0x000007fefcd39000 	C:\Windows\system32\USP10.dll
0x000007fefa430000 - 0x000007fefa624000 	C:\Windows\WinSxS\amd64_microsoft.windows.common-controls_6595b64144ccf1df_6.0.7601.17514_none_fa396087175ac9ac\COMCTL32.dll
0x000007fefd5b0000 - 0x000007fefd621000 	C:\Windows\system32\SHLWAPI.dll
0x000007fefd680000 - 0x000007fefd6ae000 	C:\Windows\system32\IMM32.DLL
0x000007fefcfb0000 - 0x000007fefd0b9000 	C:\Windows\system32\MSCTF.dll
0x000007fefc2f0000 - 0x000007fefc324000 	C:\Windows\system32\nvinitx.dll
0x000000000f000000 - 0x000000000f006000 	C:\Program Files\NVIDIA Corporation\CoProcManager\detoured.dll
0x000007fef96b0000 - 0x000007fef96dd000 	C:\Program Files\NVIDIA Corporation\CoProcManager\nvd3d9wrapx.dll
0x000007fefc780000 - 0x000007fefc957000 	C:\Windows\system32\SETUPAPI.dll
0x000007fefc740000 - 0x000007fefc776000 	C:\Windows\system32\CFGMGR32.dll
0x000007fefce20000 - 0x000007fefcef7000 	C:\Windows\system32\OLEAUT32.dll
0x000007fefd3a0000 - 0x000007fefd5a3000 	C:\Windows\system32\ole32.dll
0x000007fefc5c0000 - 0x000007fefc5da000 	C:\Windows\system32\DEVOBJ.dll
0x000007fef9680000 - 0x000007fef96a2000 	C:\Program Files\NVIDIA Corporation\CoProcManager\nvdxgiwrapx.dll
0x000007fef2d90000 - 0x000007fef2e19000 	C:\Program Files (x86)\AVG\AVG2015\avghooka.dll
0x0000000077c40000 - 0x0000000077d12000 	C:\Program Files\Java\jre1.8.0_31\bin\msvcr100.dll
0x000000006f620000 - 0x000000006fe7a000 	C:\Program Files\Java\jre1.8.0_31\bin\server\jvm.dll
0x000007fef33d0000 - 0x000007fef33d9000 	C:\Windows\system32\WSOCK32.dll
0x000007fefd630000 - 0x000007fefd67d000 	C:\Windows\system32\WS2_32.dll
0x000007fefcf00000 - 0x000007fefcf08000 	C:\Windows\system32\NSI.dll
0x000007fefb1c0000 - 0x000007fefb1fb000 	C:\Windows\system32\WINMM.dll
0x0000000077840000 - 0x0000000077847000 	C:\Windows\system32\PSAPI.DLL
0x0000000074300000 - 0x000000007430f000 	C:\Program Files\Java\jre1.8.0_31\bin\verify.dll
0x00000000742d0000 - 0x00000000742f8000 	C:\Program Files\Java\jre1.8.0_31\bin\java.dll
0x00000000742b0000 - 0x00000000742c6000 	C:\Program Files\Java\jre1.8.0_31\bin\zip.dll
0x000007fef3230000 - 0x000007fef3355000 	C:\Windows\system32\dbghelp.dll

VM Arguments:
jvm_args: -Dfile.encoding=Cp1252 -Xbootclasspath:C:\Users\Connor\Downloads\adt-bundle-windows-x86_64-20130917\adt-bundle-windows-x86_64-20130917\sdk\platforms\android-21\android.jar 
java_command: com.groteam4450.gro.ReceiptParser
java_class_path (initial): C:\Users\Connor\Documents\gro\Gro\Client\GroApp\bin\classes;C:\Users\Connor\workspace\appcompat_v7\libs\android-support-v4.jar;C:\Users\Connor\Documents\gro\Gro\Client\GroApp\libs\android-async-http-1.4.6.jar;C:\Users\Connor\workspace\appcompat_v7\libs\android-support-v7-appcompat.jar;C:\Users\Connor\workspace\appcompat_v7\bin\appcompat_v7.jar;C:\Users\Connor\Documents\gro\Gro\Client\tess-two\bin\tess-two.jar
Launcher Type: SUN_STANDARD

Environment Variables:
CLASSPATH=.;C:\PROGRA~2\IBM\SQLLIB\java\db2java.zip;C:\PROGRA~2\IBM\SQLLIB\java\db2jcc.jar;C:\PROGRA~2\IBM\SQLLIB\java\sqlj.zip;C:\PROGRA~2\IBM\SQLLIB\java\db2jcc_license_cu.jar;C:\PROGRA~2\IBM\SQLLIB\bin;C:\PROGRA~2\IBM\SQLLIB\java\common.jar
PATH=C:\ProgramData\Oracle\Java\javapath;C:\Program Files (x86)\NVIDIA Corporation\PhysX\Common;c:\Program Files (x86)\Intel\iCLS Client\;c:\Program Files\Intel\iCLS Client\;C:\Program Files\AuthenTec TrueSuite\;C:\Program Files\AuthenTec TrueSuite\x86;C:\Windows\system32;C:\Windows;C:\Windows\System32\Wbem;C:\Windows\System32\WindowsPowerShell\v1.0\;C:\Program Files (x86)\Intel\OpenCL SDK\3.0\bin\x86;C:\Program Files (x86)\Intel\OpenCL SDK\3.0\bin\x64;C:\Program Files\AuthenTec TrueSuite\;C:\Program Files\AuthenTec TrueSuite\x86\;C:\Program Files\Intel\Intel(R) Management Engine Components\DAL;C:\Program Files\Intel\Intel(R) Management Engine Components\IPT;C:\Program Files (x86)\Intel\Intel(R) Management Engine Components\DAL;C:\Program Files (x86)\Intel\Intel(R) Management Engine Components\IPT;C:\Program Files (x86)\Rational\common;C:\Program Files (x86)\ibm\gsk8\lib;C:\Program Files (x86)\ibm\gsk8\lib;C:\Program Files\ibm\gsk8\lib64;C:\PROGRA~2\IBM\SQLLIB\BIN;C:\PROGRA~2\IBM\SQLLIB\FUNCTION;C:\PROGRA~2\IBM\SQLLIB\SAMPLES\REPL;C:\Program Files (x86)\Windows Kits\8.1\Windows Performance Toolkit\;C:\Program Files\Microsoft SQL Server\110\Tools\Binn\;C:\Program Files (x86)\Microsoft SQL Server\100\Tools\Binn\;C:\Program Files (x86)\Microsoft SQL Server\100\DTS\Binn\;C:\Program Files\nodejs\;C:\Program Files\Microsoft Windows Performance Toolkit\;C:\Program Files\Microsoft SQL Server\Client SDK\ODBC\110\Tools\Binn\;C:\Program Files (x86)\Microsoft SQL Server\120\Tools\Binn\ManagementStudio\;C:\Program Files (x86)\Microsoft SQL Server\120\Tools\Binn\;C:\Program Files\Microsoft SQL Server\120\Tools\Binn\;C:\Program Files (x86)\Microsoft SQL Server\120\DTS\Binn\;C:\Program Files\Microsoft SQL Server\120\DTS\Binn\;C:\Users\Connor\AppData\Roaming\npm
USERNAME=Connor
OS=Windows_NT
PROCESSOR_IDENTIFIER=Intel64 Family 6 Model 60 Stepping 3, GenuineIntel



---------------  S Y S T E M  ---------------

OS: Windows 7 , 64 bit Build 7601 Service Pack 1

CPU:total 8 (4 cores per cpu, 2 threads per core) family 6 model 60 stepping 3, cmov, cx8, fxsr, mmx, sse, sse2, sse3, ssse3, sse4.1, sse4.2, popcnt, avx, avx2, aes, clmul, erms, rtm, lzcnt, ht, tsc, tscinvbit, bmi1, bmi2

Memory: 4k page, physical 8306832k(3027568k free), swap 16611808k(10783568k free)

vm_info: Java HotSpot(TM) 64-Bit Server VM (25.31-b07) for windows-amd64 JRE (1.8.0_31-b13), built on Dec 17 2014 21:00:28 by "java_re" with MS VC++ 10.0 (VS2010)

time: Mon Feb 23 19:19:38 2015
elapsed time: 0 seconds (0d 0h 0m 0s)

