#
# A fatal error has been detected by the Java Runtime Environment:
#
#  Internal Error (javaClasses.cpp:126), pid=22760, tid=22784
#  fatal error: Invalid layout of preloaded class
#
# JRE version:  (8.0_31-b13) (build )
# Java VM: Java HotSpot(TM) 64-Bit Server VM (25.31-b07 mixed mode windows-amd64 compressed oops)
# Failed to write core dump. Minidumps are not enabled by default on client versions of Windows
#
# If you would like to submit a bug report, please visit:
#   http://bugreport.java.com/bugreport/crash.jsp
#

---------------  T H R E A D  ---------------

Current thread (0x00000000023be000):  JavaThread "Unknown thread" [_thread_in_vm, id=22784, stack(0x0000000002630000,0x0000000002730000)]

Stack: [0x0000000002630000,0x0000000002730000]
[error occurred during error reporting (printing stack bounds), id 0xc0000005]

Native frames: (J=compiled Java code, j=interpreted, Vv=VM code, C=native code)
V  [jvm.dll+0x3169ba]
V  [jvm.dll+0x2674c3]
V  [jvm.dll+0x268103]
V  [jvm.dll+0x2885c4]
C  [kernel32.dll+0x9b940]
C  [ntdll.dll+0x93398]
C  [ntdll.dll+0x185c8]
C  [ntdll.dll+0x29d2d]
C  [ntdll.dll+0x191cf]
C  [ntdll.dll+0x51248]
V  [jvm.dll+0x206c01]


---------------  P R O C E S S  ---------------

Java Threads: ( => current thread )

Other Threads:

=>0x00000000023be000 (exited) JavaThread "Unknown thread" [_thread_in_vm, id=22784, stack(0x0000000002630000,0x0000000002730000)]

VM state:not at safepoint (not fully initialized)

VM Mutex/Monitor currently owned by a thread: None

GC Heap History (0 events):
No events

Deoptimization events (0 events):
No events

Internal exceptions (0 events):
No events

Events (10 events):
Event: 0.034 loading class java/lang/CharSequence done
Event: 0.034 loading class java/lang/String done
Event: 0.034 loading class java/lang/Class
Event: 0.035 loading class java/lang/reflect/AnnotatedElement
Event: 0.035 loading class java/lang/reflect/AnnotatedElement done
Event: 0.035 loading class java/lang/reflect/GenericDeclaration
Event: 0.035 loading class java/lang/reflect/GenericDeclaration done
Event: 0.035 loading class java/lang/reflect/Type
Event: 0.035 loading class java/lang/reflect/Type done
Event: 0.035 loading class java/lang/Class done


Dynamic libraries:
0x000000013f950000 - 0x000000013f984000 	C:\Program Files\Java\jre1.8.0_31\bin\javaw.exe
0x0000000077220000 - 0x00000000773c9000 	C:\Windows\SYSTEM32\ntdll.dll
0x0000000077000000 - 0x000000007711f000 	C:\Windows\system32\kernel32.dll
0x000007fefc0e0000 - 0x000007fefc14c000 	C:\Windows\system32\KERNELBASE.dll
0x000007fefc650000 - 0x000007fefc72b000 	C:\Windows\system32\ADVAPI32.dll
0x000007fefdae0000 - 0x000007fefdb7f000 	C:\Windows\system32\msvcrt.dll
0x000007fefdfa0000 - 0x000007fefdfbf000 	C:\Windows\SYSTEM32\sechost.dll
0x000007fefc520000 - 0x000007fefc64d000 	C:\Windows\system32\RPCRT4.dll
0x0000000077120000 - 0x000000007721a000 	C:\Windows\system32\USER32.dll
0x000007fefe290000 - 0x000007fefe2f7000 	C:\Windows\system32\GDI32.dll
0x000007fefc490000 - 0x000007fefc49e000 	C:\Windows\system32\LPK.dll
0x000007fefc320000 - 0x000007fefc3e9000 	C:\Windows\system32\USP10.dll
0x000007fefa950000 - 0x000007fefab44000 	C:\Windows\WinSxS\amd64_microsoft.windows.common-controls_6595b64144ccf1df_6.0.7601.17514_none_fa396087175ac9ac\COMCTL32.dll
0x000007fefe300000 - 0x000007fefe371000 	C:\Windows\system32\SHLWAPI.dll
0x000007fefdc60000 - 0x000007fefdc8e000 	C:\Windows\system32\IMM32.DLL
0x000007fefe380000 - 0x000007fefe489000 	C:\Windows\system32\MSCTF.dll
0x000007fefbe80000 - 0x000007fefbec1000 	C:\Windows\system32\nvinitx.dll
0x000000000f000000 - 0x000000000f006000 	C:\Program Files\NVIDIA Corporation\CoProcManager\_etoured.dll
0x000007fef9410000 - 0x000007fef9466000 	C:\Program Files\NVIDIA Corporation\CoProcManager\nvd3d9wrapx.dll
0x000007fefc910000 - 0x000007fefcae7000 	C:\Windows\system32\SETUPAPI.dll
0x000007fefc2c0000 - 0x000007fefc2f6000 	C:\Windows\system32\CFGMGR32.dll
0x000007fefdb80000 - 0x000007fefdc57000 	C:\Windows\system32\OLEAUT32.dll
0x000007fefdd30000 - 0x000007fefdf33000 	C:\Windows\system32\ole32.dll
0x000007fefc300000 - 0x000007fefc31a000 	C:\Windows\system32\DEVOBJ.dll
0x000007fef8e10000 - 0x000007fef8e4d000 	C:\Program Files\NVIDIA Corporation\CoProcManager\nvdxgiwrapx.dll
0x000007fef66f0000 - 0x000007fef6779000 	C:\Program Files (x86)\AVG\AVG2015\avghooka.dll
0x00000000595b0000 - 0x0000000059682000 	C:\Program Files\Java\jre1.8.0_31\bin\msvcr100.dll
0x0000000050260000 - 0x0000000050aba000 	C:\Program Files\Java\jre1.8.0_31\bin\server\jvm.dll
0x000007fef8150000 - 0x000007fef8159000 	C:\Windows\system32\WSOCK32.dll
0x000007fefc730000 - 0x000007fefc77d000 	C:\Windows\system32\WS2_32.dll
0x000007fefd880000 - 0x000007fefd888000 	C:\Windows\system32\NSI.dll
0x000007fef8c70000 - 0x000007fef8cab000 	C:\Windows\system32\WINMM.dll
0x00000000773f0000 - 0x00000000773f7000 	C:\Windows\system32\PSAPI.DLL
0x0000000055360000 - 0x000000005536f000 	C:\Program Files\Java\jre1.8.0_31\bin\verify.dll
0x0000000055330000 - 0x0000000055358000 	C:\Program Files\Java\jre1.8.0_31\bin\java.dll
0x0000000055310000 - 0x0000000055326000 	C:\Program Files\Java\jre1.8.0_31\bin\zip.dll
0x000007feebf80000 - 0x000007feec0a5000 	C:\Windows\system32\dbghelp.dll

VM Arguments:
jvm_args: -Dfile.encoding=Cp1252 -Xbootclasspath:C:\Users\Eric\Android SDK\platforms\android-21\android.jar 
java_command: com.groteam4450.gro.ReceiptParser
java_class_path (initial): C:\Users\Eric\Documents\GitHub\Gro\Client\GroApp\bin\classes;C:\Users\Eric\Documents\GitHub\Gro\Client\GroApp\libs\android-support-v4.jar;C:\Users\Eric\workspace\appcompat_v7\libs\android-support-v7-appcompat.jar;C:\Users\Eric\Documents\GitHub\Gro\Client\GroApp\libs\android-async-http-1.4.6.jar;C:\Users\Eric\workspace\appcompat_v7\bin\appcompat_v7.jar;C:\Users\Eric\Desktop\Tesseract\tess-two-master\tess-two\bin\tess-two.jar;C:\Users\Eric\Downloads\android-async-http-1.4.7-20140913.114611-2.jar
Launcher Type: SUN_STANDARD

Environment Variables:
JAVA_HOME=C:\Program Files\Java\jdk1.8.0_31
PATH=C:/Program Files/Java/jre1.8.0_31/bin/server;C:/Program Files/Java/jre1.8.0_31/bin;C:/Program Files/Java/jre1.8.0_31/lib/amd64;C:\ProgramData\Oracle\Java\javapath;C:\Windows\System32;C:\Users\Eric\Desktop\apache-ant-1.9.4\bin;C:\Program Files\Java\jre7\bin;C:\Program Files (x86)\nodejs\;C:\Users\Eric\AppData\Roaming\npm;C:\Users\Eric\Eclipse\eclipse;
USERNAME=Eric
OS=Windows_NT
PROCESSOR_IDENTIFIER=Intel64 Family 6 Model 42 Stepping 7, GenuineIntel



---------------  S Y S T E M  ---------------

OS: Windows 7 , 64 bit Build 7601 Service Pack 1

CPU:total 8 (4 cores per cpu, 2 threads per core) family 6 model 42 stepping 7, cmov, cx8, fxsr, mmx, sse, sse2, sse3, ssse3, sse4.1, sse4.2, popcnt, avx, aes, clmul, ht, tsc, tscinvbit

Memory: 4k page, physical 8335216k(3728764k free), swap 16615308k(11349728k free)

vm_info: Java HotSpot(TM) 64-Bit Server VM (25.31-b07) for windows-amd64 JRE (1.8.0_31-b13), built on Dec 17 2014 21:00:28 by "java_re" with MS VC++ 10.0 (VS2010)

time: Mon Feb 23 21:47:33 2015
elapsed time: 0 seconds (0d 0h 0m 0s)

